[debug] [2024-04-16T18:18:19.524Z] ----------------------------------------------------------------------
[debug] [2024-04-16T18:18:19.527Z] Command:       C:\Program Files\nodejs\node.exe C:\Users\Administrator\AppData\Roaming\npm\node_modules\firebase-tools\lib\bin\firebase.js init
[debug] [2024-04-16T18:18:19.528Z] CLI Version:   13.7.2
[debug] [2024-04-16T18:18:19.529Z] Platform:      win32
[debug] [2024-04-16T18:18:19.529Z] Node Version:  v20.12.2
[debug] [2024-04-16T18:18:19.529Z] Time:          Tue Apr 16 2024 21:18:19 GMT+0300 (East Africa Time)
[debug] [2024-04-16T18:18:19.529Z] ----------------------------------------------------------------------
[debug] 
[debug] [2024-04-16T18:18:19.537Z] > command requires scopes: ["email","openid","https://www.googleapis.com/auth/cloudplatformprojects.readonly","https://www.googleapis.com/auth/firebase","https://www.googleapis.com/auth/cloud-platform"]
[debug] [2024-04-16T18:18:19.537Z] > authorizing via signed-in user (cynthiamunja@gmail.com)
[info] 
     ######## #### ########  ######## ########     ###     ######  ########
     ##        ##  ##     ## ##       ##     ##  ##   ##  ##       ##
     ######    ##  ########  ######   ########  #########  ######  ######
     ##        ##  ##    ##  ##       ##     ## ##     ##       ## ##
     ##       #### ##     ## ######## ########  ##     ##  ######  ########

You're about to initialize a Firebase project in this directory:

  C:\Users\Administrator\Desktop\developer-portfolio-template

[info] 
=== Project Setup
[info] 
[info] First, let's associate this project directory with a Firebase project.
[info] You can create multiple project aliases by running firebase use --add, 
[info] but for now we'll just set up a default project.
[info] 
[debug] [2024-04-16T18:19:09.745Z] >>> [apiv2][query] GET https://firebase.googleapis.com/v1beta1/projects pageSize=100
[debug] [2024-04-16T18:19:10.980Z] <<< [apiv2][status] GET https://firebase.googleapis.com/v1beta1/projects 200
[debug] [2024-04-16T18:19:10.980Z] <<< [apiv2][body] GET https://firebase.googleapis.com/v1beta1/projects [omitted]
[debug] [2024-04-16T18:20:31.831Z] ----------------------------------------------------------------------
[debug] [2024-04-16T18:20:31.834Z] Command:       C:\Program Files\nodejs\node.exe C:\Users\Administrator\AppData\Roaming\npm\node_modules\firebase-tools\lib\bin\firebase.js init
[debug] [2024-04-16T18:20:31.835Z] CLI Version:   13.7.2
[debug] [2024-04-16T18:20:31.835Z] Platform:      win32
[debug] [2024-04-16T18:20:31.835Z] Node Version:  v20.12.2
[debug] [2024-04-16T18:20:31.835Z] Time:          Tue Apr 16 2024 21:20:31 GMT+0300 (East Africa Time)
[debug] [2024-04-16T18:20:31.835Z] ----------------------------------------------------------------------
[debug] 
[debug] [2024-04-16T18:20:31.843Z] > command requires scopes: ["email","openid","https://www.googleapis.com/auth/cloudplatformprojects.readonly","https://www.googleapis.com/auth/firebase","https://www.googleapis.com/auth/cloud-platform"]
[debug] [2024-04-16T18:20:31.844Z] > authorizing via signed-in user (cynthiamunja@gmail.com)
[info] 
     ######## #### ########  ######## ########     ###     ######  ########
     ##        ##  ##     ## ##       ##     ##  ##   ##  ##       ##
     ######    ##  ########  ######   ########  #########  ######  ######
     ##        ##  ##    ##  ##       ##     ## ##     ##       ## ##
     ##       #### ##     ## ######## ########  ##     ##  ######  ########

You're about to initialize a Firebase project in this directory:

  C:\Users\Administrator\Desktop\developer-portfolio-template

[info] 
=== Project Setup
[info] 
[info] First, let's associate this project directory with a Firebase project.
[info] You can create multiple project aliases by running firebase use --add, 
[info] but for now we'll just set up a default project.
[info] 
[info] i  If you want to create a project in a Google Cloud organization or folder, please use "firebase projects:create" instead, and return to this command when you've created the project. 
